2025-02-26 12:41:42,656 - INFO - 接收到文件: 6.png
2025-02-26 12:41:42,775 - INFO - 开始预处理图像
2025-02-26 12:41:42,816 - INFO - 图像预处理完成
2025-02-26 12:41:42,816 - INFO - 开始模型推理
2025-02-26 12:41:43,062 - INFO - 模型推理完成
2025-02-26 12:41:43,062 - INFO - 开始后处理输出
2025-02-26 12:41:43,173 - INFO - 后处理完成
2025-02-26 12:51:25,171 - INFO - Model loaded successfully
2025-02-26 12:51:50,955 - INFO - Received file: 6.png
2025-02-26 12:51:50,994 - INFO - Starting image preprocessing
2025-02-26 12:51:51,037 - INFO - Image preprocessing completed
2025-02-26 12:51:51,037 - INFO - Starting model inference
2025-02-26 12:51:51,284 - INFO - Model inference completed
2025-02-26 12:51:51,285 - INFO - Starting output postprocessing
2025-02-26 12:51:51,353 - INFO - Postprocessing completed
2025-02-26 13:43:41,883 - INFO - Model loaded successfully
2025-02-26 13:45:23,052 - INFO - Received file: 6.png
2025-02-26 13:45:23,153 - INFO - Starting image preprocessing
2025-02-26 13:45:23,193 - INFO - Image preprocessing completed
2025-02-26 13:45:23,193 - INFO - Starting model inference
2025-02-26 13:45:23,467 - INFO - Model inference completed
2025-02-26 13:45:23,467 - INFO - Starting output postprocessing
2025-02-26 13:45:23,538 - INFO - Postprocessing completed
2025-02-26 13:56:59,318 - INFO - Model loaded successfully
2025-02-26 13:57:10,756 - INFO - Received file: 6.png
2025-02-26 13:57:10,868 - INFO - Starting image preprocessing
2025-02-26 13:57:10,889 - INFO - Image preprocessing completed
2025-02-26 13:57:10,889 - INFO - Starting model inference
2025-02-26 13:57:11,161 - INFO - Model inference completed
2025-02-26 13:57:11,161 - INFO - Starting output postprocessing
2025-02-26 13:57:11,224 - INFO - Postprocessing completed
2025-02-26 14:01:00,183 - INFO - Received file: 6.png
2025-02-26 14:01:00,237 - INFO - Starting image preprocessing
2025-02-26 14:01:00,266 - INFO - Image preprocessing completed
2025-02-26 14:01:00,266 - INFO - Starting model inference
2025-02-26 14:01:00,280 - INFO - Model inference completed
2025-02-26 14:01:00,280 - INFO - Starting output postprocessing
2025-02-26 14:01:00,405 - INFO - Postprocessing completed
2025-02-26 14:09:41,061 - INFO - Model loaded successfully
2025-02-26 14:12:01,197 - INFO - Received file: 6.png
2025-02-26 14:12:01,298 - INFO - Starting image preprocessing
2025-02-26 14:12:01,335 - INFO - Image preprocessing completed
2025-02-26 14:12:01,335 - INFO - Starting model inference
2025-02-26 14:12:01,609 - INFO - Model inference completed
2025-02-26 14:12:01,609 - INFO - Starting output postprocessing
2025-02-26 14:12:01,683 - INFO - Postprocessing completed
2025-02-26 14:17:48,136 - INFO - Model loaded successfully
2025-02-27 11:40:58,362 - INFO - Model loaded successfully
2025-02-27 11:45:53,614 - INFO - Received file: 6.png
2025-02-27 11:45:53,694 - INFO - Starting image preprocessing
2025-02-27 11:45:53,757 - INFO - Image preprocessing completed
2025-02-27 11:45:53,757 - INFO - Starting model inference
2025-02-27 11:45:54,056 - INFO - Model inference completed
2025-02-27 11:45:54,056 - INFO - Starting output postprocessing
2025-02-27 11:45:54,123 - INFO - Postprocessing completed
2025-02-27 12:21:17,081 - INFO - Received file: 6.png
2025-02-27 12:21:17,203 - INFO - Starting image preprocessing
2025-02-27 12:21:17,230 - INFO - Image preprocessing completed
2025-02-27 12:21:17,230 - INFO - Starting model inference
2025-02-27 12:21:17,247 - INFO - Model inference completed
2025-02-27 12:21:17,247 - INFO - Starting output postprocessing
2025-02-27 12:21:17,364 - INFO - Postprocessing completed
2025-02-27 12:22:05,211 - INFO - Received file: 6.png
2025-02-27 12:22:05,323 - INFO - Starting image preprocessing
2025-02-27 12:22:05,345 - INFO - Image preprocessing completed
2025-02-27 12:22:05,345 - INFO - Starting model inference
2025-02-27 12:22:05,354 - INFO - Model inference completed
2025-02-27 12:22:05,355 - INFO - Starting output postprocessing
2025-02-27 12:22:05,476 - INFO - Postprocessing completed
2025-02-27 12:33:53,290 - INFO - Received file: 6.png
2025-02-27 12:33:53,383 - INFO - Starting image preprocessing
2025-02-27 12:33:53,411 - INFO - Image preprocessing completed
2025-02-27 12:33:53,412 - INFO - Starting model inference
2025-02-27 12:33:53,425 - INFO - Model inference completed
2025-02-27 12:33:53,425 - INFO - Starting output postprocessing
2025-02-27 12:33:53,540 - INFO - Postprocessing completed
2025-02-27 12:34:01,966 - INFO - Received file: 6.png
2025-02-27 12:34:02,063 - INFO - Starting image preprocessing
2025-02-27 12:34:02,073 - INFO - Image preprocessing completed
2025-02-27 12:34:02,073 - INFO - Starting model inference
2025-02-27 12:34:02,084 - INFO - Model inference completed
2025-02-27 12:34:02,084 - INFO - Starting output postprocessing
2025-02-27 12:34:02,202 - INFO - Postprocessing completed
2025-02-27 12:37:29,869 - INFO - Received file: 6.png
2025-02-27 12:37:29,953 - INFO - Starting image preprocessing
2025-02-27 12:37:29,971 - INFO - Image preprocessing completed
2025-02-27 12:37:29,971 - INFO - Starting model inference
2025-02-27 12:37:29,982 - INFO - Model inference completed
2025-02-27 12:37:29,982 - INFO - Starting output postprocessing
2025-02-27 12:37:30,112 - INFO - Postprocessing completed
2025-02-27 13:09:56,411 - INFO - Model loaded successfully
2025-02-27 13:10:21,601 - INFO - Image uploaded: ./images/0a379b89-84e3-49ec-9f85-daf15522a41a_6.png
2025-02-27 13:10:23,705 - INFO - Starting model inference for imageId: 0a379b89-84e3-49ec-9f85-daf15522a41a
2025-02-27 13:10:23,952 - INFO - Model inference completed for imageId: 0a379b89-84e3-49ec-9f85-daf15522a41a
2025-02-27 13:10:24,026 - INFO - Image segmented and saved: ./segmented_images/0a379b89-84e3-49ec-9f85-daf15522a41a_segmented.png
2025-02-27 13:11:16,065 - INFO - Downloading segmented image: ./segmented_images/0a379b89-84e3-49ec-9f85-daf15522a41a_segmented.png
2025-02-27 13:18:55,991 - INFO - Image uploaded: ./images/80b7ab5b-12d7-4338-9bb8-f731604cac55_6.png
2025-02-27 13:19:00,371 - INFO - Starting model inference for imageId: 80b7ab5b-12d7-4338-9bb8-f731604cac55
2025-02-27 13:19:00,383 - INFO - Model inference completed for imageId: 80b7ab5b-12d7-4338-9bb8-f731604cac55
2025-02-27 13:19:00,509 - INFO - Image segmented and saved: ./segmented_images/80b7ab5b-12d7-4338-9bb8-f731604cac55_segmented.png
2025-02-27 13:19:03,452 - INFO - Downloading segmented image: ./segmented_images/80b7ab5b-12d7-4338-9bb8-f731604cac55_segmented.png
2025-02-27 14:37:50,108 - INFO - Image uploaded: ./images/95f643a7-3d7b-44b6-ac49-7a69dde15430_6.png
2025-02-27 14:37:51,713 - INFO - Starting model inference for imageId: 95f643a7-3d7b-44b6-ac49-7a69dde15430
2025-02-27 14:37:51,727 - INFO - Model inference completed for imageId: 95f643a7-3d7b-44b6-ac49-7a69dde15430
2025-02-27 14:37:51,866 - INFO - Image segmented and saved: ./segmented_images/95f643a7-3d7b-44b6-ac49-7a69dde15430_segmented.png
2025-02-27 14:46:05,924 - INFO - Image uploaded: ./images/22e02caa-a729-44cf-ac4b-64cc9136f2d5_6.png
2025-02-27 14:46:07,708 - INFO - Starting model inference for imageId: 22e02caa-a729-44cf-ac4b-64cc9136f2d5
2025-02-27 14:46:07,718 - INFO - Model inference completed for imageId: 22e02caa-a729-44cf-ac4b-64cc9136f2d5
2025-02-27 14:46:07,847 - INFO - Image segmented and saved: ./segmented_images/22e02caa-a729-44cf-ac4b-64cc9136f2d5_segmented.png
2025-02-27 15:07:15,508 - INFO - Model loaded successfully
2025-02-27 15:28:20,857 - INFO - Image uploaded: ./images/d47e1ebd-b427-4346-a46c-534e076511b3_6.png
2025-02-27 15:28:22,569 - INFO - Starting model inference for imageId: d47e1ebd-b427-4346-a46c-534e076511b3
2025-02-27 15:28:23,028 - INFO - Model inference completed for imageId: d47e1ebd-b427-4346-a46c-534e076511b3
2025-02-27 15:28:23,135 - INFO - Image segmented and saved: ./segmented_images/d47e1ebd-b427-4346-a46c-534e076511b3_segmented.png
2025-02-27 16:23:29,366 - INFO - Model loaded successfully
2025-02-27 16:23:44,448 - INFO - Model loaded successfully
2025-02-27 16:24:33,533 - INFO - Model loaded successfully
2025-02-27 16:28:42,740 - INFO - Model loaded successfully
2025-02-27 16:28:54,484 - INFO - Model loaded successfully
2025-02-27 16:48:19,226 - INFO - Model loaded successfully
2025-02-27 16:48:31,508 - INFO - Model loaded successfully
2025-02-27 16:56:59,073 - WARNING - (trapped) error reading bcrypt version
Traceback (most recent call last):
  File "/root/miniconda3/envs/UNetMamba-main/lib/python3.8/site-packages/passlib/handlers/bcrypt.py", line 620, in _load_backend_mixin
    version = _bcrypt.__about__.__version__
AttributeError: module 'bcrypt' has no attribute '__about__'
2025-02-27 16:57:44,721 - INFO - Image uploaded: ./images/8534970f-d311-4c3a-aff5-b33f7c9b15f8_6.png
2025-02-27 16:57:44,991 - INFO - Starting model inference for imageId: 8534970f-d311-4c3a-aff5-b33f7c9b15f8
2025-02-27 16:57:45,465 - INFO - Model inference completed for imageId: 8534970f-d311-4c3a-aff5-b33f7c9b15f8
2025-02-27 16:57:45,573 - INFO - Image segmented and saved: ./segmented_images/8534970f-d311-4c3a-aff5-b33f7c9b15f8_segmented.png
2025-02-27 16:57:49,369 - INFO - Downloading segmented image: ./segmented_images/8534970f-d311-4c3a-aff5-b33f7c9b15f8_segmented.png
2025-02-27 17:16:58,774 - INFO - Image uploaded: ./images/ddf4de6b-0041-4746-871e-c81b3b47973d_6.png
2025-02-27 17:16:58,993 - INFO - Starting model inference for imageId: ddf4de6b-0041-4746-871e-c81b3b47973d
2025-02-27 17:16:59,010 - INFO - Model inference completed for imageId: ddf4de6b-0041-4746-871e-c81b3b47973d
2025-02-27 17:16:59,158 - INFO - Image segmented and saved: ./segmented_images/ddf4de6b-0041-4746-871e-c81b3b47973d_segmented.png
2025-02-27 17:17:01,504 - INFO - Downloading segmented image: ./segmented_images/ddf4de6b-0041-4746-871e-c81b3b47973d_segmented.png
2025-02-28 11:00:46,409 - WARNING - (trapped) error reading bcrypt version
Traceback (most recent call last):
  File "/root/miniconda3/envs/UNetMamba-main/lib/python3.8/site-packages/passlib/handlers/bcrypt.py", line 620, in _load_backend_mixin
    version = _bcrypt.__about__.__version__
AttributeError: module 'bcrypt' has no attribute '__about__'
2025-02-28 12:57:58,122 - WARNING - (trapped) error reading bcrypt version
Traceback (most recent call last):
  File "/root/miniconda3/envs/UNetMamba-main/lib/python3.8/site-packages/passlib/handlers/bcrypt.py", line 620, in _load_backend_mixin
    version = _bcrypt.__about__.__version__
AttributeError: module 'bcrypt' has no attribute '__about__'
2025-02-28 12:58:04,945 - INFO - Image uploaded: /root/autodl-tmp/remote-sensing-app/backend/images/51d7b202-601e-4b3b-b872-1b5e3a0d2bb0_6.png
2025-02-28 12:58:25,923 - INFO - Image uploaded: /root/autodl-tmp/remote-sensing-app/backend/images/cf7975c4-989d-45ad-9307-c2002d8f689a_6.png
2025-02-28 12:58:29,610 - ERROR - Segmented image not found: /root/autodl-tmp/remote-sensing-app/backend/segmented_images/cf7975c4-989d-45ad-9307-c2002d8f689a_segmented.png
2025-02-28 13:03:35,956 - INFO - Image uploaded: /root/autodl-tmp/remote-sensing-app/backend/images/08e2977d-bb9f-4931-af70-19e9ac821d38_6.png
2025-02-28 13:16:44,465 - INFO - Image uploaded: /root/autodl-tmp/remote-sensing-app/backend/images/5c593674-05bf-4760-b541-6922608e5eaa_6.png
2025-02-28 13:16:45,686 - INFO - Model unetmamba loaded successfully
2025-02-28 13:16:45,787 - INFO - Starting model inference for imageId: 5c593674-05bf-4760-b541-6922608e5eaa with model: unetmamba
2025-02-28 13:16:46,069 - INFO - Model inference completed for imageId: 5c593674-05bf-4760-b541-6922608e5eaa
2025-02-28 13:16:46,137 - INFO - Image segmented and saved: /root/autodl-tmp/remote-sensing-app/backend/segmented_images/5c593674-05bf-4760-b541-6922608e5eaa_segmented.png
2025-02-28 13:16:57,880 - INFO - Downloading segmented image: /root/autodl-tmp/remote-sensing-app/backend/segmented_images/5c593674-05bf-4760-b541-6922608e5eaa_segmented.png
2025-02-28 13:17:51,390 - INFO - Image uploaded: /root/autodl-tmp/remote-sensing-app/backend/images/6bb1351b-d94e-4e81-8b48-309e1af7196c_6.png
2025-02-28 13:17:51,953 - INFO - Model unetformer_r18 loaded successfully
2025-02-28 13:17:52,031 - INFO - Starting model inference for imageId: 6bb1351b-d94e-4e81-8b48-309e1af7196c with model: unetformer_r18
2025-02-28 13:17:52,218 - INFO - Model inference completed for imageId: 6bb1351b-d94e-4e81-8b48-309e1af7196c
2025-02-28 13:17:52,238 - INFO - Image segmented and saved: /root/autodl-tmp/remote-sensing-app/backend/segmented_images/6bb1351b-d94e-4e81-8b48-309e1af7196c_segmented.png
2025-02-28 13:17:54,519 - INFO - Downloading segmented image: /root/autodl-tmp/remote-sensing-app/backend/segmented_images/6bb1351b-d94e-4e81-8b48-309e1af7196c_segmented.png
2025-02-28 13:32:59,340 - INFO - Image uploaded: /root/autodl-tmp/remote-sensing-app/backend/images/d846967f-5c76-4aeb-bd5e-c6a8dd4ceac5_8.png
2025-02-28 13:33:00,520 - INFO - Model unetmamba loaded successfully
2025-02-28 13:33:00,612 - INFO - Starting model inference for imageId: d846967f-5c76-4aeb-bd5e-c6a8dd4ceac5 with model: unetmamba
2025-02-28 13:33:00,897 - INFO - Model inference completed for imageId: d846967f-5c76-4aeb-bd5e-c6a8dd4ceac5
2025-02-28 13:33:01,339 - INFO - Image segmented and stats calculated: /root/autodl-tmp/remote-sensing-app/backend/segmented_images/d846967f-5c76-4aeb-bd5e-c6a8dd4ceac5_segmented.png
2025-02-28 13:48:50,608 - INFO - Image uploaded: /root/autodl-tmp/remote-sensing-app/backend/images/dbcc8b40-fb73-4ecd-93c2-4e363b04dcf7_6.png
2025-02-28 13:48:51,325 - INFO - Model unetmamba loaded successfully
2025-02-28 13:48:51,397 - INFO - Starting model inference for imageId: dbcc8b40-fb73-4ecd-93c2-4e363b04dcf7 with model: unetmamba
2025-02-28 13:48:51,409 - INFO - Model inference completed for imageId: dbcc8b40-fb73-4ecd-93c2-4e363b04dcf7
2025-02-28 13:48:51,911 - INFO - Image segmented and stats calculated: /root/autodl-tmp/remote-sensing-app/backend/segmented_images/dbcc8b40-fb73-4ecd-93c2-4e363b04dcf7_segmented.png
2025-02-28 13:55:06,094 - INFO - Image uploaded: /root/autodl-tmp/remote-sensing-app/backend/images/c5df2c3c-b9a9-417a-80ef-d40f8dd90a06_6.png
2025-02-28 13:55:06,702 - INFO - Model unetmamba loaded successfully
2025-02-28 13:55:06,772 - INFO - Starting model inference for imageId: c5df2c3c-b9a9-417a-80ef-d40f8dd90a06 with model: unetmamba
2025-02-28 13:55:06,784 - INFO - Model inference completed for imageId: c5df2c3c-b9a9-417a-80ef-d40f8dd90a06
2025-02-28 13:55:07,275 - INFO - Image segmented and stats calculated: /root/autodl-tmp/remote-sensing-app/backend/segmented_images/c5df2c3c-b9a9-417a-80ef-d40f8dd90a06_segmented.png
2025-02-28 13:59:25,016 - INFO - Image uploaded: /root/autodl-tmp/remote-sensing-app/backend/images/aaeb6ef6-f775-4022-ac7c-7fa84d60bb61_6.png
2025-02-28 13:59:25,776 - INFO - Model unetmamba loaded successfully
2025-02-28 13:59:25,845 - INFO - Starting model inference for imageId: aaeb6ef6-f775-4022-ac7c-7fa84d60bb61 with model: unetmamba
2025-02-28 13:59:25,856 - INFO - Model inference completed for imageId: aaeb6ef6-f775-4022-ac7c-7fa84d60bb61
2025-02-28 13:59:26,349 - INFO - Image segmented and stats calculated: /root/autodl-tmp/remote-sensing-app/backend/segmented_images/aaeb6ef6-f775-4022-ac7c-7fa84d60bb61_segmented.png
2025-02-28 14:07:08,489 - INFO - Image uploaded: /root/autodl-tmp/remote-sensing-app/backend/images/a77401b5-f712-4383-8fd6-ba14b5f62451_6.png
2025-02-28 14:07:09,032 - INFO - Model unetmamba loaded successfully
2025-02-28 14:07:09,101 - INFO - Starting model inference for imageId: a77401b5-f712-4383-8fd6-ba14b5f62451 with model: unetmamba
2025-02-28 14:07:09,113 - INFO - Model inference completed for imageId: a77401b5-f712-4383-8fd6-ba14b5f62451
2025-02-28 14:07:09,606 - INFO - Image segmented and stats calculated: /root/autodl-tmp/remote-sensing-app/backend/segmented_images/a77401b5-f712-4383-8fd6-ba14b5f62451_segmented.png
2025-02-28 14:08:21,130 - INFO - Image uploaded: /root/autodl-tmp/remote-sensing-app/backend/images/295dadd9-3511-4a23-a15a-f2d95b63f190_6.png
2025-02-28 14:08:21,668 - INFO - Model unetmamba loaded successfully
2025-02-28 14:08:21,737 - INFO - Starting model inference for imageId: 295dadd9-3511-4a23-a15a-f2d95b63f190 with model: unetmamba
2025-02-28 14:08:21,748 - INFO - Model inference completed for imageId: 295dadd9-3511-4a23-a15a-f2d95b63f190
2025-02-28 14:08:22,242 - INFO - Image segmented and stats calculated: /root/autodl-tmp/remote-sensing-app/backend/segmented_images/295dadd9-3511-4a23-a15a-f2d95b63f190_segmented.png
2025-02-28 14:08:22,753 - INFO - Model unetmamba loaded successfully
2025-02-28 14:08:22,822 - INFO - Starting model inference for imageId: 295dadd9-3511-4a23-a15a-f2d95b63f190 with model: unetmamba
2025-02-28 14:08:22,833 - INFO - Model inference completed for imageId: 295dadd9-3511-4a23-a15a-f2d95b63f190
2025-02-28 14:08:23,327 - INFO - Image segmented and stats calculated: /root/autodl-tmp/remote-sensing-app/backend/segmented_images/295dadd9-3511-4a23-a15a-f2d95b63f190_segmented.png
2025-02-28 14:09:22,749 - INFO - Image uploaded: /root/autodl-tmp/remote-sensing-app/backend/images/c9ab7bba-6c59-40b7-890f-6dd8be451d2f_6.png
2025-02-28 14:09:23,293 - INFO - Model unetmamba loaded successfully
2025-02-28 14:09:23,362 - INFO - Starting model inference for imageId: c9ab7bba-6c59-40b7-890f-6dd8be451d2f with model: unetmamba
2025-02-28 14:09:23,373 - INFO - Model inference completed for imageId: c9ab7bba-6c59-40b7-890f-6dd8be451d2f
2025-02-28 14:09:23,865 - INFO - Image segmented and stats calculated: /root/autodl-tmp/remote-sensing-app/backend/segmented_images/c9ab7bba-6c59-40b7-890f-6dd8be451d2f_segmented.png
2025-02-28 14:09:24,379 - INFO - Model unetmamba loaded successfully
2025-02-28 14:09:24,448 - INFO - Starting model inference for imageId: c9ab7bba-6c59-40b7-890f-6dd8be451d2f with model: unetmamba
2025-02-28 14:09:24,459 - INFO - Model inference completed for imageId: c9ab7bba-6c59-40b7-890f-6dd8be451d2f
2025-02-28 14:09:24,953 - INFO - Image segmented and stats calculated: /root/autodl-tmp/remote-sensing-app/backend/segmented_images/c9ab7bba-6c59-40b7-890f-6dd8be451d2f_segmented.png
2025-02-28 14:14:30,570 - INFO - Image uploaded: /root/autodl-tmp/remote-sensing-app/backend/images/f95437ee-4ad6-42d5-b8a8-ff63dd7b00e9_6.png
2025-02-28 14:14:31,008 - INFO - Model unetmamba loaded successfully
2025-02-28 14:14:31,079 - INFO - Starting model inference for imageId: f95437ee-4ad6-42d5-b8a8-ff63dd7b00e9 with model: unetmamba
2025-02-28 14:14:31,091 - INFO - Model inference completed for imageId: f95437ee-4ad6-42d5-b8a8-ff63dd7b00e9
2025-02-28 14:14:31,593 - INFO - Image segmented and stats calculated: /root/autodl-tmp/remote-sensing-app/backend/segmented_images/f95437ee-4ad6-42d5-b8a8-ff63dd7b00e9_segmented.png
2025-02-28 14:17:01,708 - INFO - Image uploaded: /root/autodl-tmp/remote-sensing-app/backend/images/d803e6ed-7ad8-41b8-baaf-61d5d99ed0c3_6.png
2025-02-28 14:17:02,484 - INFO - Model unetmamba loaded successfully
2025-02-28 14:17:02,555 - INFO - Starting model inference for imageId: d803e6ed-7ad8-41b8-baaf-61d5d99ed0c3 with model: unetmamba
2025-02-28 14:17:02,567 - INFO - Model inference completed for imageId: d803e6ed-7ad8-41b8-baaf-61d5d99ed0c3
2025-02-28 14:17:03,068 - INFO - Image segmented and stats calculated: /root/autodl-tmp/remote-sensing-app/backend/segmented_images/d803e6ed-7ad8-41b8-baaf-61d5d99ed0c3_segmented.png
2025-02-28 14:30:31,246 - INFO - Image uploaded: /root/autodl-tmp/remote-sensing-app/backend/images/98248e1d-8dac-4b56-a539-55b27c067878_6.png
2025-02-28 14:30:31,913 - INFO - Model unetmamba loaded successfully
2025-02-28 14:30:31,985 - INFO - Starting model inference for imageId: 98248e1d-8dac-4b56-a539-55b27c067878 with model: unetmamba
2025-02-28 14:30:31,997 - INFO - Model inference completed for imageId: 98248e1d-8dac-4b56-a539-55b27c067878
2025-02-28 14:30:32,493 - INFO - Image segmented and stats calculated: /root/autodl-tmp/remote-sensing-app/backend/segmented_images/98248e1d-8dac-4b56-a539-55b27c067878_segmented.png
2025-02-28 14:44:15,504 - INFO - Image uploaded: /root/autodl-tmp/remote-sensing-app/backend/images/01db975d-e8b7-4dd6-befa-ea1c6e0ae4b3_6.png
2025-02-28 14:44:16,180 - INFO - Model unetmamba loaded successfully
2025-02-28 14:44:16,257 - INFO - Starting model inference for imageId: 01db975d-e8b7-4dd6-befa-ea1c6e0ae4b3 with model: unetmamba
2025-02-28 14:44:16,269 - INFO - Model inference completed for imageId: 01db975d-e8b7-4dd6-befa-ea1c6e0ae4b3
2025-02-28 14:44:16,764 - INFO - Image segmented and stats calculated: /root/autodl-tmp/remote-sensing-app/backend/segmented_images/01db975d-e8b7-4dd6-befa-ea1c6e0ae4b3_segmented.png
2025-02-28 14:49:38,898 - INFO - Image uploaded: /root/autodl-tmp/remote-sensing-app/backend/images/9ab66b3d-8771-456a-9d3c-07f81f2c4f84_31.png
2025-02-28 14:49:39,461 - INFO - Model unetmamba loaded successfully
2025-02-28 14:49:39,532 - INFO - Starting model inference for imageId: 9ab66b3d-8771-456a-9d3c-07f81f2c4f84 with model: unetmamba
2025-02-28 14:49:39,544 - INFO - Model inference completed for imageId: 9ab66b3d-8771-456a-9d3c-07f81f2c4f84
2025-02-28 14:49:40,039 - INFO - Image segmented and stats calculated: /root/autodl-tmp/remote-sensing-app/backend/segmented_images/9ab66b3d-8771-456a-9d3c-07f81f2c4f84_segmented.png
2025-02-28 14:52:43,330 - INFO - Image uploaded: /root/autodl-tmp/remote-sensing-app/backend/images/1bfaefc4-8e44-46fe-8e17-7b4a0585c94e_6.png
2025-02-28 14:52:43,983 - INFO - Model unetmamba loaded successfully
2025-02-28 14:52:44,053 - INFO - Starting model inference for imageId: 1bfaefc4-8e44-46fe-8e17-7b4a0585c94e with model: unetmamba
2025-02-28 14:52:44,065 - INFO - Model inference completed for imageId: 1bfaefc4-8e44-46fe-8e17-7b4a0585c94e
2025-02-28 14:52:44,560 - INFO - Image segmented and stats calculated: /root/autodl-tmp/remote-sensing-app/backend/segmented_images/1bfaefc4-8e44-46fe-8e17-7b4a0585c94e_segmented.png
2025-02-28 14:57:38,580 - INFO - Image uploaded: /root/autodl-tmp/remote-sensing-app/backend/images/5f40b1e1-58f6-4e3f-a10e-49d357701f52_7.png
2025-02-28 14:57:39,171 - INFO - Model unetmamba loaded successfully
2025-02-28 14:57:39,240 - INFO - Starting model inference for imageId: 5f40b1e1-58f6-4e3f-a10e-49d357701f52 with model: unetmamba
2025-02-28 14:57:39,251 - INFO - Model inference completed for imageId: 5f40b1e1-58f6-4e3f-a10e-49d357701f52
2025-02-28 14:57:39,745 - INFO - Image segmented and stats calculated: /root/autodl-tmp/remote-sensing-app/backend/segmented_images/5f40b1e1-58f6-4e3f-a10e-49d357701f52_segmented.png
2025-02-28 14:59:25,339 - INFO - Image uploaded: /root/autodl-tmp/remote-sensing-app/backend/images/63888713-00eb-40c6-bf0e-30715c624473_6.png
2025-02-28 14:59:26,031 - INFO - Model unetmamba loaded successfully
2025-02-28 14:59:26,106 - INFO - Starting model inference for imageId: 63888713-00eb-40c6-bf0e-30715c624473 with model: unetmamba
2025-02-28 14:59:26,118 - INFO - Model inference completed for imageId: 63888713-00eb-40c6-bf0e-30715c624473
2025-02-28 14:59:26,617 - INFO - Image segmented and stats calculated: /root/autodl-tmp/remote-sensing-app/backend/segmented_images/63888713-00eb-40c6-bf0e-30715c624473_segmented.png
2025-02-28 15:02:11,790 - INFO - Image uploaded: /root/autodl-tmp/remote-sensing-app/backend/images/7c9da889-9bf2-480f-9be0-8df53643d3fc_6.png
2025-02-28 15:02:12,400 - INFO - Model unetmamba loaded successfully
2025-02-28 15:02:12,469 - INFO - Starting model inference for imageId: 7c9da889-9bf2-480f-9be0-8df53643d3fc with model: unetmamba
2025-02-28 15:02:12,480 - INFO - Model inference completed for imageId: 7c9da889-9bf2-480f-9be0-8df53643d3fc
2025-02-28 15:02:12,973 - INFO - Image segmented and stats calculated: /root/autodl-tmp/remote-sensing-app/backend/segmented_images/7c9da889-9bf2-480f-9be0-8df53643d3fc_segmented.png
2025-02-28 15:07:10,422 - INFO - Image uploaded: /root/autodl-tmp/remote-sensing-app/backend/images/68c627a6-56f8-41a4-935c-281ee43c0645_12.png
2025-02-28 15:07:10,975 - INFO - Model unetmamba loaded successfully
2025-02-28 15:07:11,046 - INFO - Starting model inference for imageId: 68c627a6-56f8-41a4-935c-281ee43c0645 with model: unetmamba
2025-02-28 15:07:11,058 - INFO - Model inference completed for imageId: 68c627a6-56f8-41a4-935c-281ee43c0645
2025-02-28 15:07:11,551 - INFO - Image segmented and stats calculated: /root/autodl-tmp/remote-sensing-app/backend/segmented_images/68c627a6-56f8-41a4-935c-281ee43c0645_segmented.png
2025-02-28 15:07:26,635 - INFO - Image uploaded: /root/autodl-tmp/remote-sensing-app/backend/images/fd5e1989-b811-4801-8473-6a102ebdcc85_16.png
2025-02-28 15:07:28,935 - INFO - Model dcswin_small loaded successfully
2025-02-28 15:07:29,091 - INFO - Starting model inference for imageId: fd5e1989-b811-4801-8473-6a102ebdcc85 with model: dcswin_small
2025-02-28 15:07:29,306 - INFO - Model inference completed for imageId: fd5e1989-b811-4801-8473-6a102ebdcc85
2025-02-28 15:07:29,415 - INFO - Image segmented and stats calculated: /root/autodl-tmp/remote-sensing-app/backend/segmented_images/fd5e1989-b811-4801-8473-6a102ebdcc85_segmented.png
2025-02-28 15:20:31,908 - INFO - Image uploaded: /root/autodl-tmp/remote-sensing-app/backend/images/6ac6b0e4-6350-481a-aecc-0476f17962d3_0.png
2025-02-28 15:20:32,629 - INFO - Model unetmamba loaded successfully
2025-02-28 15:20:32,707 - INFO - Starting model inference for imageId: 6ac6b0e4-6350-481a-aecc-0476f17962d3 with model: unetmamba
2025-02-28 15:20:32,719 - INFO - Model inference completed for imageId: 6ac6b0e4-6350-481a-aecc-0476f17962d3
2025-02-28 15:20:33,211 - INFO - Image segmented and stats calculated: /root/autodl-tmp/remote-sensing-app/backend/segmented_images/6ac6b0e4-6350-481a-aecc-0476f17962d3_segmented.png
2025-02-28 15:28:18,742 - INFO - Image uploaded: /root/autodl-tmp/remote-sensing-app/backend/images/56db480e-2cb1-4f8c-812b-dbd91eefe032_6.png
2025-02-28 15:28:19,407 - INFO - Model unetmamba loaded successfully
2025-02-28 15:28:19,478 - INFO - Starting model inference for imageId: 56db480e-2cb1-4f8c-812b-dbd91eefe032 with model: unetmamba
2025-02-28 15:28:19,491 - INFO - Model inference completed for imageId: 56db480e-2cb1-4f8c-812b-dbd91eefe032
2025-02-28 15:28:19,987 - INFO - Image segmented and stats calculated: /root/autodl-tmp/remote-sensing-app/backend/segmented_images/56db480e-2cb1-4f8c-812b-dbd91eefe032_segmented.png
2025-02-28 15:31:14,009 - INFO - Image uploaded: /root/autodl-tmp/remote-sensing-app/backend/images/0ea06c60-13d1-4496-b345-153db2f37c5f_6.png
2025-02-28 15:31:14,687 - INFO - Model unetmamba loaded successfully
2025-02-28 15:31:14,757 - INFO - Starting model inference for imageId: 0ea06c60-13d1-4496-b345-153db2f37c5f with model: unetmamba
2025-02-28 15:31:14,768 - INFO - Model inference completed for imageId: 0ea06c60-13d1-4496-b345-153db2f37c5f
2025-02-28 15:31:15,263 - INFO - Image segmented and stats calculated: /root/autodl-tmp/remote-sensing-app/backend/segmented_images/0ea06c60-13d1-4496-b345-153db2f37c5f_segmented.png
2025-02-28 15:35:55,438 - INFO - Image uploaded: /root/autodl-tmp/remote-sensing-app/backend/images/02f5b1ec-fc9d-44a0-b6e8-8ad472c410d6_6.png
2025-02-28 15:35:56,093 - INFO - Model unetmamba loaded successfully
2025-02-28 15:35:56,164 - INFO - Starting model inference for imageId: 02f5b1ec-fc9d-44a0-b6e8-8ad472c410d6 with model: unetmamba
2025-02-28 15:35:56,176 - INFO - Model inference completed for imageId: 02f5b1ec-fc9d-44a0-b6e8-8ad472c410d6
2025-02-28 15:35:56,672 - INFO - Image segmented and stats calculated: /root/autodl-tmp/remote-sensing-app/backend/segmented_images/02f5b1ec-fc9d-44a0-b6e8-8ad472c410d6_segmented.png
2025-02-28 15:38:09,193 - WARNING - (trapped) error reading bcrypt version
Traceback (most recent call last):
  File "/root/miniconda3/envs/UNetMamba-main/lib/python3.8/site-packages/passlib/handlers/bcrypt.py", line 620, in _load_backend_mixin
    version = _bcrypt.__about__.__version__
AttributeError: module 'bcrypt' has no attribute '__about__'
2025-02-28 15:38:28,580 - INFO - Image uploaded: /root/autodl-tmp/remote-sensing-app/backend/images/d4b58024-2219-4b9a-8182-5b3f84237ff0_1391.png
2025-02-28 15:38:29,221 - INFO - Model unetmamba loaded successfully
2025-02-28 15:38:29,288 - INFO - Starting model inference for imageId: d4b58024-2219-4b9a-8182-5b3f84237ff0 with model: unetmamba
2025-02-28 15:38:29,300 - INFO - Model inference completed for imageId: d4b58024-2219-4b9a-8182-5b3f84237ff0
2025-02-28 15:38:29,793 - INFO - Image segmented and stats calculated: /root/autodl-tmp/remote-sensing-app/backend/segmented_images/d4b58024-2219-4b9a-8182-5b3f84237ff0_segmented.png
2025-02-28 15:38:34,622 - INFO - Downloading segmented image: /root/autodl-tmp/remote-sensing-app/backend/segmented_images/d4b58024-2219-4b9a-8182-5b3f84237ff0_segmented.png
2025-03-02 14:39:25,128 - WARNING - (trapped) error reading bcrypt version
Traceback (most recent call last):
  File "/root/miniconda3/envs/UNetMamba-main/lib/python3.8/site-packages/passlib/handlers/bcrypt.py", line 620, in _load_backend_mixin
    version = _bcrypt.__about__.__version__
AttributeError: module 'bcrypt' has no attribute '__about__'
2025-03-02 15:20:39,972 - INFO - Image uploaded: /root/autodl-tmp/remote-sensing-app/backend/images/6cf9fd79-d4f8-4351-93f7-9e3ae3e42c54_1372.png
2025-03-02 15:20:41,556 - INFO - Model unetmamba loaded successfully
2025-03-02 15:20:41,672 - INFO - Starting model inference for imageId: 6cf9fd79-d4f8-4351-93f7-9e3ae3e42c54 with model: unetmamba
2025-03-02 15:20:42,062 - INFO - Model inference completed for imageId: 6cf9fd79-d4f8-4351-93f7-9e3ae3e42c54
2025-03-02 15:20:42,514 - INFO - Image segmented and stats calculated: /root/autodl-tmp/remote-sensing-app/backend/segmented_images/6cf9fd79-d4f8-4351-93f7-9e3ae3e42c54_segmented.png
2025-03-02 15:20:58,399 - INFO - Image uploaded: /root/autodl-tmp/remote-sensing-app/backend/images/2dbd7952-296c-4709-be85-07280ebe365c_1372.png
2025-03-02 15:20:59,064 - INFO - Model unetmamba loaded successfully
2025-03-02 15:20:59,127 - INFO - Starting model inference for imageId: 2dbd7952-296c-4709-be85-07280ebe365c with model: unetmamba
2025-03-02 15:20:59,141 - INFO - Model inference completed for imageId: 2dbd7952-296c-4709-be85-07280ebe365c
2025-03-02 15:20:59,645 - INFO - Image segmented and stats calculated: /root/autodl-tmp/remote-sensing-app/backend/segmented_images/2dbd7952-296c-4709-be85-07280ebe365c_segmented.png
2025-03-02 15:21:00,192 - INFO - Image uploaded: /root/autodl-tmp/remote-sensing-app/backend/images/d19207b4-fbea-4ab5-b0ce-2d0509eb5f51_1373.png
2025-03-02 15:21:00,801 - INFO - Model unetmamba loaded successfully
2025-03-02 15:21:00,882 - INFO - Starting model inference for imageId: d19207b4-fbea-4ab5-b0ce-2d0509eb5f51 with model: unetmamba
2025-03-02 15:21:00,899 - INFO - Model inference completed for imageId: d19207b4-fbea-4ab5-b0ce-2d0509eb5f51
2025-03-02 15:21:01,410 - INFO - Image segmented and stats calculated: /root/autodl-tmp/remote-sensing-app/backend/segmented_images/d19207b4-fbea-4ab5-b0ce-2d0509eb5f51_segmented.png
2025-03-02 15:21:22,425 - INFO - Image uploaded: /root/autodl-tmp/remote-sensing-app/backend/images/0a9716ac-6153-43fd-aa0a-14b21d3d22d5_1372.png
2025-03-02 15:21:23,049 - INFO - Model unetmamba loaded successfully
2025-03-02 15:21:23,119 - INFO - Starting model inference for imageId: 0a9716ac-6153-43fd-aa0a-14b21d3d22d5 with model: unetmamba
2025-03-02 15:21:23,135 - INFO - Model inference completed for imageId: 0a9716ac-6153-43fd-aa0a-14b21d3d22d5
2025-03-02 15:21:23,643 - INFO - Image segmented and stats calculated: /root/autodl-tmp/remote-sensing-app/backend/segmented_images/0a9716ac-6153-43fd-aa0a-14b21d3d22d5_segmented.png
2025-03-02 15:21:24,213 - INFO - Image uploaded: /root/autodl-tmp/remote-sensing-app/backend/images/2b728ea2-2c3a-4438-a956-f33394d850f3_1373.png
2025-03-02 15:21:25,335 - INFO - Model unetmamba loaded successfully
2025-03-02 15:21:25,419 - INFO - Starting model inference for imageId: 2b728ea2-2c3a-4438-a956-f33394d850f3 with model: unetmamba
2025-03-02 15:21:25,436 - INFO - Model inference completed for imageId: 2b728ea2-2c3a-4438-a956-f33394d850f3
2025-03-02 15:21:25,993 - INFO - Image segmented and stats calculated: /root/autodl-tmp/remote-sensing-app/backend/segmented_images/2b728ea2-2c3a-4438-a956-f33394d850f3_segmented.png
2025-03-02 15:21:26,415 - INFO - Image uploaded: /root/autodl-tmp/remote-sensing-app/backend/images/1ba7d223-d77d-44f8-9f87-4bb61101cae9_1374.png
2025-03-02 15:21:27,107 - INFO - Model unetmamba loaded successfully
2025-03-02 15:21:27,191 - INFO - Starting model inference for imageId: 1ba7d223-d77d-44f8-9f87-4bb61101cae9 with model: unetmamba
2025-03-02 15:21:27,207 - INFO - Model inference completed for imageId: 1ba7d223-d77d-44f8-9f87-4bb61101cae9
2025-03-02 15:21:27,701 - INFO - Image segmented and stats calculated: /root/autodl-tmp/remote-sensing-app/backend/segmented_images/1ba7d223-d77d-44f8-9f87-4bb61101cae9_segmented.png
2025-03-02 15:21:28,027 - INFO - Image uploaded: /root/autodl-tmp/remote-sensing-app/backend/images/f0a2eb41-34d4-44f1-926c-9ecb0fa1c035_1375.png
2025-03-02 15:21:29,017 - INFO - Model unetmamba loaded successfully
2025-03-02 15:21:29,069 - INFO - Starting model inference for imageId: f0a2eb41-34d4-44f1-926c-9ecb0fa1c035 with model: unetmamba
2025-03-02 15:21:29,084 - INFO - Model inference completed for imageId: f0a2eb41-34d4-44f1-926c-9ecb0fa1c035
2025-03-02 15:21:29,571 - INFO - Image segmented and stats calculated: /root/autodl-tmp/remote-sensing-app/backend/segmented_images/f0a2eb41-34d4-44f1-926c-9ecb0fa1c035_segmented.png
2025-03-02 15:36:16,963 - ERROR - Image not found for imageId: example_image_id
2025-03-02 15:47:00,802 - INFO - Image uploaded: /root/autodl-tmp/remote-sensing-app/backend/images/2ed8404e-987a-4810-9e8a-ef5a28a5fd64_1378.png
2025-03-02 15:47:28,548 - INFO - Image uploaded: /root/autodl-tmp/remote-sensing-app/backend/images/5052af28-b097-43fc-85ce-b4b6d0123589_1372.png
2025-03-02 15:50:07,823 - INFO - Image uploaded: /root/autodl-tmp/remote-sensing-app/backend/images/7d710b58-fa0e-4a1e-bfab-fe051c04329e_1372.png
2025-03-02 15:50:09,117 - INFO - Model unetmamba loaded successfully
2025-03-02 15:50:09,209 - INFO - Starting model inference for imageId: 7d710b58-fa0e-4a1e-bfab-fe051c04329e with model: unetmamba
2025-03-02 15:50:09,513 - INFO - Model inference completed for imageId: 7d710b58-fa0e-4a1e-bfab-fe051c04329e
2025-03-02 15:50:09,952 - INFO - Image segmented and stats calculated: /root/autodl-tmp/remote-sensing-app/backend/segmented_images/7d710b58-fa0e-4a1e-bfab-fe051c04329e_segmented.png
2025-03-02 15:50:54,633 - INFO - Image uploaded: /root/autodl-tmp/remote-sensing-app/backend/images/7bb90953-2dd8-4889-9de4-06d983177407_1366.png
2025-03-02 15:50:55,170 - INFO - Image uploaded: /root/autodl-tmp/remote-sensing-app/backend/images/3ca13437-46b8-4efe-a86d-b111bf8ae1bc_1367.png
2025-03-02 15:50:55,664 - INFO - Image uploaded: /root/autodl-tmp/remote-sensing-app/backend/images/8dc575d1-aa60-4fb7-a4d0-bd88f446a757_1368.png
2025-03-02 15:50:56,080 - INFO - Image uploaded: /root/autodl-tmp/remote-sensing-app/backend/images/6541d817-3c3a-4bc9-862f-45e180a799c5_1369.png
2025-03-02 15:50:57,116 - INFO - Model unetmamba loaded successfully
2025-03-02 15:50:57,184 - INFO - Starting model inference for imageId: 7bb90953-2dd8-4889-9de4-06d983177407 with model: unetmamba
2025-03-02 15:50:57,268 - INFO - Starting model inference for imageId: 3ca13437-46b8-4efe-a86d-b111bf8ae1bc with model: unetmamba
2025-03-02 15:50:57,350 - INFO - Starting model inference for imageId: 8dc575d1-aa60-4fb7-a4d0-bd88f446a757 with model: unetmamba
2025-03-02 15:50:57,431 - INFO - Starting model inference for imageId: 6541d817-3c3a-4bc9-862f-45e180a799c5 with model: unetmamba
2025-03-02 15:56:14,605 - WARNING - (trapped) error reading bcrypt version
Traceback (most recent call last):
  File "/root/miniconda3/envs/UNetMamba-main/lib/python3.8/site-packages/passlib/handlers/bcrypt.py", line 620, in _load_backend_mixin
    version = _bcrypt.__about__.__version__
AttributeError: module 'bcrypt' has no attribute '__about__'
2025-03-02 16:17:20,367 - INFO - Image uploaded: /root/autodl-tmp/remote-sensing-app/backend/images/73238c58-e320-4a02-b045-1d7b12468c25_1372.png
2025-03-02 16:17:21,158 - INFO - Model unetmamba loaded successfully
2025-03-02 16:17:21,229 - INFO - Starting model inference for imageId: 73238c58-e320-4a02-b045-1d7b12468c25 with model: unetmamba
2025-03-02 16:17:31,273 - INFO - Image uploaded: /root/autodl-tmp/remote-sensing-app/backend/images/0b99b888-465e-4b13-8714-322033624b65_1372.png
2025-03-02 16:17:31,954 - INFO - Model unetmamba loaded successfully
2025-03-02 16:17:32,021 - INFO - Starting model inference for imageId: 0b99b888-465e-4b13-8714-322033624b65 with model: unetmamba
2025-03-02 16:17:32,036 - INFO - Model inference completed for imageId: 0b99b888-465e-4b13-8714-322033624b65
2025-03-02 16:17:32,527 - INFO - Image segmented and stats calculated: /root/autodl-tmp/remote-sensing-app/backend/segmented_images/0b99b888-465e-4b13-8714-322033624b65_segmented.png
2025-03-02 16:34:24,217 - INFO - Image uploaded: /root/autodl-tmp/remote-sensing-app/backend/images/be726732-c158-4001-b8fd-0d43cc639946_1372.png
2025-03-02 16:34:25,544 - INFO - Model unetmamba loaded successfully
2025-03-02 16:34:25,648 - INFO - Starting model inference for imageId: be726732-c158-4001-b8fd-0d43cc639946 with model: unetmamba
2025-03-02 16:34:26,384 - INFO - Image segmented and stats calculated: /root/autodl-tmp/remote-sensing-app/backend/segmented_images/be726732-c158-4001-b8fd-0d43cc639946_segmented.png
2025-03-02 16:34:43,592 - INFO - Image uploaded: /root/autodl-tmp/remote-sensing-app/backend/images/045c49f0-6aed-42db-b28c-0f536c1dfa43_1368.png
2025-03-02 16:34:43,596 - INFO - Image uploaded: /root/autodl-tmp/remote-sensing-app/backend/images/cb7f0b6b-887f-4c7f-a1fc-44e10d9b0cb9_1372.png
2025-03-02 16:34:43,599 - INFO - Image uploaded: /root/autodl-tmp/remote-sensing-app/backend/images/b3f906da-c7e7-45f4-b2c1-58d34146731e_1373.png
2025-03-02 16:34:43,601 - INFO - Image uploaded: /root/autodl-tmp/remote-sensing-app/backend/images/ad4e599c-0340-42ff-bf56-0239e36fbb15_1374.png
2025-03-02 16:34:56,083 - INFO - Image uploaded: /root/autodl-tmp/remote-sensing-app/backend/images/9db39ae6-fe19-4efa-9a24-9e976976f5da_1366.png
2025-03-02 16:34:56,085 - INFO - Image uploaded: /root/autodl-tmp/remote-sensing-app/backend/images/667744ca-e7cf-4f0b-9a59-f7a234634084_1367.png
2025-03-02 16:34:56,088 - INFO - Image uploaded: /root/autodl-tmp/remote-sensing-app/backend/images/d829bb87-04ab-4b2a-8cb4-ee2229d10065_1372.png
2025-03-02 16:34:56,091 - INFO - Image uploaded: /root/autodl-tmp/remote-sensing-app/backend/images/524c5882-169d-4794-9c59-fa22ca6c3567_1373.png
2025-03-02 16:44:48,265 - INFO - Image uploaded: /root/autodl-tmp/remote-sensing-app/backend/images/4bc32954-820f-4fdc-9ae6-831bd645b3b4_1372.png
2025-03-02 16:44:49,764 - INFO - Model unetmamba loaded successfully
2025-03-02 16:44:49,852 - INFO - Starting model inference for imageId: 4bc32954-820f-4fdc-9ae6-831bd645b3b4 with model: unetmamba
2025-03-02 16:44:50,268 - INFO - Image segmented and stats calculated: /root/autodl-tmp/remote-sensing-app/backend/segmented_images/4bc32954-820f-4fdc-9ae6-831bd645b3b4_segmented.png
2025-03-02 16:45:28,747 - INFO - Image uploaded: /root/autodl-tmp/remote-sensing-app/backend/images/7310d1a1-36bc-4722-a0d2-2da35084ee6f_1366.png
2025-03-02 16:45:28,754 - INFO - Image uploaded: /root/autodl-tmp/remote-sensing-app/backend/images/817e21ba-5a1f-4431-9d22-ac64c6ca7734_1367.png
2025-03-02 16:45:28,757 - INFO - Image uploaded: /root/autodl-tmp/remote-sensing-app/backend/images/824eb5b5-1148-407c-90e0-6fbe733b8eb1_1368.png
2025-03-02 16:45:28,762 - INFO - Image uploaded: /root/autodl-tmp/remote-sensing-app/backend/images/09956fc1-13a9-45f2-a9fc-a0979171dace_1369.png
2025-03-02 16:45:29,599 - INFO - Model unetmamba loaded successfully
2025-03-02 16:45:29,668 - INFO - Starting model inference for imageId: 7310d1a1-36bc-4722-a0d2-2da35084ee6f with model: unetmamba
2025-03-02 16:45:29,907 - INFO - Starting model inference for imageId: 817e21ba-5a1f-4431-9d22-ac64c6ca7734 with model: unetmamba
2025-03-02 16:45:30,144 - INFO - Starting model inference for imageId: 824eb5b5-1148-407c-90e0-6fbe733b8eb1 with model: unetmamba
2025-03-02 16:45:30,380 - INFO - Starting model inference for imageId: 09956fc1-13a9-45f2-a9fc-a0979171dace with model: unetmamba
2025-03-02 16:52:27,616 - INFO - Image uploaded: /root/autodl-tmp/remote-sensing-app/backend/images/77d1a918-04c1-4193-b67c-44f830184957_1372.png
2025-03-02 16:52:28,556 - INFO - Model unetmamba loaded successfully
2025-03-02 16:52:28,627 - INFO - Starting model inference for imageId: 77d1a918-04c1-4193-b67c-44f830184957 with model: unetmamba
2025-03-02 16:52:28,801 - INFO - Image segmented and stats calculated: /root/autodl-tmp/remote-sensing-app/backend/segmented_images/77d1a918-04c1-4193-b67c-44f830184957_segmented.png
2025-03-02 16:52:50,834 - INFO - Image uploaded: /root/autodl-tmp/remote-sensing-app/backend/images/e178e8d9-fbe7-41d5-b158-0b53fa4550ba_1366.png
2025-03-02 16:52:50,837 - INFO - Image uploaded: /root/autodl-tmp/remote-sensing-app/backend/images/c53ef72f-e749-45d1-848e-f6e18c0f8330_1367.png
2025-03-02 16:52:50,839 - INFO - Image uploaded: /root/autodl-tmp/remote-sensing-app/backend/images/9f8f4fb5-91f0-4f4c-9704-aa0ebed10169_1372.png
2025-03-02 16:52:50,842 - INFO - Image uploaded: /root/autodl-tmp/remote-sensing-app/backend/images/ed4ade57-4e28-4111-902b-7f2608a7b987_1373.png
2025-03-02 16:52:51,506 - INFO - Model unetmamba loaded successfully
2025-03-02 16:52:51,577 - INFO - Starting model inference for imageId: e178e8d9-fbe7-41d5-b158-0b53fa4550ba with model: unetmamba
2025-03-02 16:52:51,821 - INFO - Starting model inference for imageId: c53ef72f-e749-45d1-848e-f6e18c0f8330 with model: unetmamba
2025-03-02 16:52:52,062 - INFO - Starting model inference for imageId: 9f8f4fb5-91f0-4f4c-9704-aa0ebed10169 with model: unetmamba
2025-03-02 16:52:52,301 - INFO - Starting model inference for imageId: ed4ade57-4e28-4111-902b-7f2608a7b987 with model: unetmamba
2025-03-02 17:01:15,430 - INFO - Image uploaded: /root/autodl-tmp/remote-sensing-app/backend/images/f4308135-99a4-4ba2-825d-888e9b5a3d4c_1366.png
2025-03-02 17:01:15,436 - INFO - Image uploaded: /root/autodl-tmp/remote-sensing-app/backend/images/af3f7325-fd26-4c82-bf74-7b0aa728d95a_1367.png
2025-03-02 17:01:15,438 - INFO - Image uploaded: /root/autodl-tmp/remote-sensing-app/backend/images/f2470497-60a8-451e-8e9d-11969a59dab0_1372.png
2025-03-02 17:01:15,441 - INFO - Image uploaded: /root/autodl-tmp/remote-sensing-app/backend/images/2feb647c-f790-43b1-b6df-730cf542f016_1373.png
2025-03-02 17:01:16,469 - INFO - Model unetmamba loaded successfully
2025-03-02 17:01:16,537 - INFO - Starting model inference for imageId: f4308135-99a4-4ba2-825d-888e9b5a3d4c with model: unetmamba
2025-03-02 17:01:16,776 - INFO - Starting model inference for imageId: af3f7325-fd26-4c82-bf74-7b0aa728d95a with model: unetmamba
2025-03-02 17:01:17,001 - INFO - Starting model inference for imageId: f2470497-60a8-451e-8e9d-11969a59dab0 with model: unetmamba
2025-03-02 17:01:17,228 - INFO - Starting model inference for imageId: 2feb647c-f790-43b1-b6df-730cf542f016 with model: unetmamba
2025-03-02 17:01:47,657 - INFO - Image uploaded: /root/autodl-tmp/remote-sensing-app/backend/images/0d946db0-c203-468a-8179-2221a99228e2_1372.png
2025-03-02 17:01:48,401 - INFO - Model unetmamba loaded successfully
2025-03-02 17:01:48,477 - INFO - Starting model inference for imageId: 0d946db0-c203-468a-8179-2221a99228e2 with model: unetmamba
2025-03-02 17:01:48,655 - INFO - Image segmented and stats calculated: /root/autodl-tmp/remote-sensing-app/backend/segmented_images/0d946db0-c203-468a-8179-2221a99228e2_segmented.png
2025-03-02 17:01:57,719 - INFO - Image uploaded: /root/autodl-tmp/remote-sensing-app/backend/images/552cbe40-3f54-48d6-bdd4-b6625e61fd96_1372.png
2025-03-02 17:01:58,461 - INFO - Model unetmamba loaded successfully
2025-03-02 17:01:58,523 - INFO - Starting model inference for imageId: 552cbe40-3f54-48d6-bdd4-b6625e61fd96 with model: unetmamba
2025-03-02 17:01:58,687 - INFO - Image segmented and stats calculated: /root/autodl-tmp/remote-sensing-app/backend/segmented_images/552cbe40-3f54-48d6-bdd4-b6625e61fd96_segmented.png
2025-03-02 17:03:46,529 - INFO - Image uploaded: /root/autodl-tmp/remote-sensing-app/backend/images/079e5e3a-b9d8-473f-bd2c-394d2442e7d4_1366.png
2025-03-02 17:03:46,532 - INFO - Image uploaded: /root/autodl-tmp/remote-sensing-app/backend/images/7daa15a5-cce8-4d7d-a76d-d73bc450f045_1367.png
2025-03-02 17:03:46,536 - INFO - Image uploaded: /root/autodl-tmp/remote-sensing-app/backend/images/ff83561c-6bdf-4ceb-9a96-3a61652491a3_1368.png
2025-03-02 17:03:46,538 - INFO - Image uploaded: /root/autodl-tmp/remote-sensing-app/backend/images/3060354b-e07d-4793-8133-bf2a17feddca_1369.png
2025-03-02 17:03:47,194 - INFO - Model unetmamba loaded successfully
2025-03-02 17:03:47,265 - INFO - Starting model inference for imageId: 079e5e3a-b9d8-473f-bd2c-394d2442e7d4 with model: unetmamba
2025-03-02 17:03:47,508 - INFO - Starting model inference for imageId: 7daa15a5-cce8-4d7d-a76d-d73bc450f045 with model: unetmamba
2025-03-02 17:03:47,747 - INFO - Starting model inference for imageId: ff83561c-6bdf-4ceb-9a96-3a61652491a3 with model: unetmamba
2025-03-02 17:03:47,986 - INFO - Starting model inference for imageId: 3060354b-e07d-4793-8133-bf2a17feddca with model: unetmamba
2025-03-02 17:09:08,481 - INFO - Image uploaded: /root/autodl-tmp/remote-sensing-app/backend/images/a35bb696-77b0-431f-8716-18a78198172e_1372.png
2025-03-02 17:09:09,298 - INFO - Model unetmamba loaded successfully
2025-03-02 17:09:09,359 - INFO - Starting model inference for imageId: a35bb696-77b0-431f-8716-18a78198172e with model: unetmamba
2025-03-02 17:09:09,523 - INFO - Image segmented and stats calculated: /root/autodl-tmp/remote-sensing-app/backend/segmented_images/a35bb696-77b0-431f-8716-18a78198172e_segmented.png
2025-03-02 17:09:28,046 - INFO - Image uploaded: /root/autodl-tmp/remote-sensing-app/backend/images/9715d595-0b27-49f7-a8f6-81612a182f15_1366.png
2025-03-02 17:09:28,049 - INFO - Image uploaded: /root/autodl-tmp/remote-sensing-app/backend/images/01f1094c-1ad5-455e-8777-dbfc136a335b_1367.png
2025-03-02 17:09:28,051 - INFO - Image uploaded: /root/autodl-tmp/remote-sensing-app/backend/images/8853caaf-29ce-4ef1-9553-69bed16f036e_1368.png
2025-03-02 17:09:28,054 - INFO - Image uploaded: /root/autodl-tmp/remote-sensing-app/backend/images/bdcd674e-4db8-45f8-ab4c-b830abfbf368_1369.png
2025-03-02 17:09:28,687 - INFO - Model unetmamba loaded successfully
2025-03-02 17:09:28,759 - INFO - Starting model inference for imageId: 9715d595-0b27-49f7-a8f6-81612a182f15 with model: unetmamba
2025-03-02 17:09:28,998 - INFO - Starting model inference for imageId: 01f1094c-1ad5-455e-8777-dbfc136a335b with model: unetmamba
2025-03-02 17:09:29,236 - INFO - Starting model inference for imageId: 8853caaf-29ce-4ef1-9553-69bed16f036e with model: unetmamba
2025-03-02 17:09:29,472 - INFO - Starting model inference for imageId: bdcd674e-4db8-45f8-ab4c-b830abfbf368 with model: unetmamba
2025-03-02 17:18:09,831 - INFO - Image uploaded: /root/autodl-tmp/remote-sensing-app/backend/images/56000125-3e51-446a-9943-d05340dde3d6_1372.png
2025-03-02 17:18:10,672 - INFO - Model unetmamba loaded successfully
2025-03-02 17:18:10,736 - INFO - Starting model inference for imageId: 56000125-3e51-446a-9943-d05340dde3d6 with model: unetmamba
2025-03-02 17:18:10,898 - INFO - Image segmented and stats calculated: /root/autodl-tmp/remote-sensing-app/backend/segmented_images/56000125-3e51-446a-9943-d05340dde3d6_segmented.png
2025-03-02 17:18:30,369 - INFO - Image uploaded: /root/autodl-tmp/remote-sensing-app/backend/images/c0dca2c3-576a-4208-9c67-9d769bf71698_1366.png
2025-03-02 17:18:30,374 - INFO - Image uploaded: /root/autodl-tmp/remote-sensing-app/backend/images/d864d07e-268b-45f3-a03d-4267c1612a24_1367.png
2025-03-02 17:18:30,376 - INFO - Image uploaded: /root/autodl-tmp/remote-sensing-app/backend/images/8c53c665-3348-4e4a-b1fc-688e58130661_1368.png
2025-03-02 17:18:30,379 - INFO - Image uploaded: /root/autodl-tmp/remote-sensing-app/backend/images/869b5b14-fca8-4daf-9a5b-0563e42d2bba_1369.png
2025-03-02 17:18:31,467 - INFO - Model unetmamba loaded successfully
2025-03-02 17:18:31,537 - INFO - Starting model inference for imageId: c0dca2c3-576a-4208-9c67-9d769bf71698 with model: unetmamba
2025-03-02 17:18:31,802 - INFO - Starting model inference for imageId: d864d07e-268b-45f3-a03d-4267c1612a24 with model: unetmamba
2025-03-02 17:18:32,044 - INFO - Starting model inference for imageId: 8c53c665-3348-4e4a-b1fc-688e58130661 with model: unetmamba
2025-03-02 17:18:32,286 - INFO - Starting model inference for imageId: 869b5b14-fca8-4daf-9a5b-0563e42d2bba with model: unetmamba
2025-03-02 17:23:02,107 - INFO - Image uploaded: /root/autodl-tmp/remote-sensing-app/backend/images/e666b3ea-5af4-4eb2-b5f1-4ed6288d38c9_1372.png
2025-03-02 17:23:02,932 - INFO - Model unetmamba loaded successfully
2025-03-02 17:23:03,002 - INFO - Starting model inference for imageId: e666b3ea-5af4-4eb2-b5f1-4ed6288d38c9 with model: unetmamba
2025-03-02 17:23:03,172 - INFO - Image segmented and stats calculated: /root/autodl-tmp/remote-sensing-app/backend/segmented_images/e666b3ea-5af4-4eb2-b5f1-4ed6288d38c9_segmented.png
2025-03-02 17:23:14,611 - INFO - Image uploaded: /root/autodl-tmp/remote-sensing-app/backend/images/b15c56ae-c593-4d88-98c6-5e9f5d8a6a6f_1366.png
2025-03-02 17:23:14,614 - INFO - Image uploaded: /root/autodl-tmp/remote-sensing-app/backend/images/e63fd9c5-3bd0-47b6-b8cc-16bb9f36fb8a_1367.png
2025-03-02 17:23:14,617 - INFO - Image uploaded: /root/autodl-tmp/remote-sensing-app/backend/images/00d24625-9ea5-4578-8a48-7a42078d7b21_1368.png
2025-03-02 17:23:14,619 - INFO - Image uploaded: /root/autodl-tmp/remote-sensing-app/backend/images/6b88ef46-04a8-406c-a7fc-c62911b69780_1369.png
2025-03-02 17:23:15,315 - INFO - Model unetmamba loaded successfully
2025-03-02 17:23:15,385 - INFO - Starting model inference for imageId: b15c56ae-c593-4d88-98c6-5e9f5d8a6a6f with model: unetmamba
2025-03-02 17:23:15,623 - INFO - Starting model inference for imageId: e63fd9c5-3bd0-47b6-b8cc-16bb9f36fb8a with model: unetmamba
2025-03-02 17:23:15,869 - INFO - Starting model inference for imageId: 00d24625-9ea5-4578-8a48-7a42078d7b21 with model: unetmamba
2025-03-02 17:23:16,112 - INFO - Starting model inference for imageId: 6b88ef46-04a8-406c-a7fc-c62911b69780 with model: unetmamba
2025-03-02 18:26:42,579 - INFO - Image uploaded: /root/autodl-tmp/remote-sensing-app/backend/images/11614eaa-3711-415c-942f-21943a968362_1381.png
2025-03-02 18:26:44,336 - INFO - Model unetmamba loaded successfully
2025-03-02 18:26:44,477 - INFO - Starting model inference for imageId: 11614eaa-3711-415c-942f-21943a968362 with model: unetmamba
2025-03-02 18:26:44,959 - INFO - Image segmented and stats calculated: /root/autodl-tmp/remote-sensing-app/backend/segmented_images/11614eaa-3711-415c-942f-21943a968362_segmented.png
2025-03-02 18:39:10,020 - INFO - Image uploaded: /root/autodl-tmp/remote-sensing-app/backend/images/9b53cd4a-f209-4065-97cd-a34a47452a17_1366.png
2025-03-02 18:39:10,023 - INFO - Image uploaded: /root/autodl-tmp/remote-sensing-app/backend/images/2645fe21-9b5a-4209-a671-3ee0866a9a45_1367.png
2025-03-02 18:39:10,782 - INFO - Model unetmamba loaded successfully
2025-03-02 18:39:10,855 - INFO - Starting model inference for imageId: 9b53cd4a-f209-4065-97cd-a34a47452a17 with model: unetmamba
2025-03-02 18:39:11,114 - INFO - Starting model inference for imageId: 2645fe21-9b5a-4209-a671-3ee0866a9a45 with model: unetmamba
2025-03-02 18:43:53,214 - INFO - Image uploaded: /root/autodl-tmp/remote-sensing-app/backend/images/b1ca2dd1-5493-44a6-b3c8-df85bc337f23_1367.png
2025-03-02 18:43:53,833 - INFO - Model unetmamba loaded successfully
2025-03-02 18:43:53,905 - INFO - Starting model inference for imageId: b1ca2dd1-5493-44a6-b3c8-df85bc337f23 with model: unetmamba
2025-03-02 18:43:54,075 - INFO - Image segmented and stats calculated: /root/autodl-tmp/remote-sensing-app/backend/segmented_images/b1ca2dd1-5493-44a6-b3c8-df85bc337f23_segmented.png
2025-03-02 18:48:16,187 - INFO - Image uploaded: /root/autodl-tmp/remote-sensing-app/backend/images/7dce2943-6645-4303-ba5c-b1f6c6a9c7ff_1372.png
2025-03-02 18:48:16,723 - INFO - Model unetmamba loaded successfully
2025-03-02 18:48:16,784 - INFO - Starting model inference for imageId: 7dce2943-6645-4303-ba5c-b1f6c6a9c7ff with model: unetmamba
2025-03-02 18:48:16,947 - INFO - Image segmented and stats calculated: /root/autodl-tmp/remote-sensing-app/backend/segmented_images/7dce2943-6645-4303-ba5c-b1f6c6a9c7ff_segmented.png
2025-03-02 18:48:29,356 - INFO - Image uploaded: /root/autodl-tmp/remote-sensing-app/backend/images/2f477437-1f82-4a7d-9686-abe399f185e6_1366.png
2025-03-02 18:48:29,361 - INFO - Image uploaded: /root/autodl-tmp/remote-sensing-app/backend/images/507cfaf7-8d99-43cc-aad0-baf12946ea95_1367.png
2025-03-02 18:48:29,363 - INFO - Image uploaded: /root/autodl-tmp/remote-sensing-app/backend/images/4f861861-4428-4213-9762-332d78c72ad8_1368.png
2025-03-02 18:48:29,366 - INFO - Image uploaded: /root/autodl-tmp/remote-sensing-app/backend/images/b4cac555-b158-4a43-bf2a-30fc41e069c0_1369.png
2025-03-02 18:48:29,893 - INFO - Model unetmamba loaded successfully
2025-03-02 18:48:29,963 - INFO - Starting model inference for imageId: 2f477437-1f82-4a7d-9686-abe399f185e6 with model: unetmamba
2025-03-02 18:48:30,201 - INFO - Starting model inference for imageId: 507cfaf7-8d99-43cc-aad0-baf12946ea95 with model: unetmamba
2025-03-02 18:48:30,439 - INFO - Starting model inference for imageId: 4f861861-4428-4213-9762-332d78c72ad8 with model: unetmamba
2025-03-02 18:48:30,676 - INFO - Starting model inference for imageId: b4cac555-b158-4a43-bf2a-30fc41e069c0 with model: unetmamba
2025-03-02 18:54:19,500 - INFO - Image uploaded: /root/autodl-tmp/remote-sensing-app/backend/images/8f6f1a56-34c6-46b8-a2b9-e17510e79c4f_1372.png
2025-03-02 18:54:20,298 - INFO - Model unetmamba loaded successfully
2025-03-02 18:54:20,358 - INFO - Starting model inference for imageId: 8f6f1a56-34c6-46b8-a2b9-e17510e79c4f with model: unetmamba
2025-03-02 18:54:20,521 - INFO - Image segmented and stats calculated: /root/autodl-tmp/remote-sensing-app/backend/segmented_images/8f6f1a56-34c6-46b8-a2b9-e17510e79c4f_segmented.png
2025-03-02 18:54:47,792 - INFO - Image uploaded: /root/autodl-tmp/remote-sensing-app/backend/images/d337c6d1-8c0a-4384-aa88-59e60d20c6cd_1372.png
2025-03-02 18:54:48,438 - INFO - Model unetmamba loaded successfully
2025-03-02 18:54:48,498 - INFO - Starting model inference for imageId: d337c6d1-8c0a-4384-aa88-59e60d20c6cd with model: unetmamba
2025-03-02 18:54:48,660 - INFO - Image segmented and stats calculated: /root/autodl-tmp/remote-sensing-app/backend/segmented_images/d337c6d1-8c0a-4384-aa88-59e60d20c6cd_segmented.png
2025-03-02 18:55:08,543 - INFO - Image uploaded: /root/autodl-tmp/remote-sensing-app/backend/images/dfcc2006-0dbd-46fd-bee5-b47d3824870b_1366.png
2025-03-02 18:55:08,546 - INFO - Image uploaded: /root/autodl-tmp/remote-sensing-app/backend/images/a7583332-a7aa-47d6-b542-e5a92376c7c5_1367.png
2025-03-02 18:55:08,548 - INFO - Image uploaded: /root/autodl-tmp/remote-sensing-app/backend/images/cb5ded58-df71-4f02-9dd9-41e14a014280_1368.png
2025-03-02 18:55:08,550 - INFO - Image uploaded: /root/autodl-tmp/remote-sensing-app/backend/images/bd265e97-e22b-40d5-922d-960bed8f1e2c_1369.png
2025-03-02 18:55:09,257 - INFO - Model unetmamba loaded successfully
2025-03-02 18:55:09,327 - INFO - Starting model inference for imageId: dfcc2006-0dbd-46fd-bee5-b47d3824870b with model: unetmamba
2025-03-02 18:55:09,565 - INFO - Starting model inference for imageId: a7583332-a7aa-47d6-b542-e5a92376c7c5 with model: unetmamba
2025-03-02 18:55:09,804 - INFO - Starting model inference for imageId: cb5ded58-df71-4f02-9dd9-41e14a014280 with model: unetmamba
2025-03-02 18:55:10,037 - INFO - Starting model inference for imageId: bd265e97-e22b-40d5-922d-960bed8f1e2c with model: unetmamba
2025-03-02 18:57:55,955 - INFO - Image uploaded: /root/autodl-tmp/remote-sensing-app/backend/images/e29295fc-eee3-4c0f-ba09-d071dd95c4aa_1372.png
2025-03-02 18:57:56,517 - INFO - Model unetmamba loaded successfully
2025-03-02 18:57:56,580 - INFO - Starting model inference for imageId: e29295fc-eee3-4c0f-ba09-d071dd95c4aa with model: unetmamba
2025-03-02 18:57:56,742 - INFO - Image segmented and stats calculated: /root/autodl-tmp/remote-sensing-app/backend/segmented_images/e29295fc-eee3-4c0f-ba09-d071dd95c4aa_segmented.png
2025-03-02 18:58:08,341 - INFO - Image uploaded: /root/autodl-tmp/remote-sensing-app/backend/images/13a27279-0261-47d1-83a9-8c8c0cfcdabe_1366.png
2025-03-02 18:58:08,345 - INFO - Image uploaded: /root/autodl-tmp/remote-sensing-app/backend/images/5481982a-736e-4b09-b24f-f05f693efa24_1367.png
2025-03-02 18:58:08,347 - INFO - Image uploaded: /root/autodl-tmp/remote-sensing-app/backend/images/0ceda599-a4e9-4557-b47c-e1ac948529fa_1368.png
2025-03-02 18:58:08,350 - INFO - Image uploaded: /root/autodl-tmp/remote-sensing-app/backend/images/6a51c4a7-ba14-4d40-b79a-7fdcc7ae9781_1369.png
2025-03-02 18:58:08,910 - INFO - Model unetmamba loaded successfully
2025-03-02 18:58:08,980 - INFO - Starting model inference for imageId: 13a27279-0261-47d1-83a9-8c8c0cfcdabe with model: unetmamba
2025-03-02 18:58:09,221 - INFO - Starting model inference for imageId: 5481982a-736e-4b09-b24f-f05f693efa24 with model: unetmamba
2025-03-02 18:58:09,460 - INFO - Starting model inference for imageId: 0ceda599-a4e9-4557-b47c-e1ac948529fa with model: unetmamba
2025-03-02 18:58:09,699 - INFO - Starting model inference for imageId: 6a51c4a7-ba14-4d40-b79a-7fdcc7ae9781 with model: unetmamba
2025-03-02 19:01:06,344 - INFO - Image uploaded: /root/autodl-tmp/remote-sensing-app/backend/images/e32bd751-05a8-48da-891e-6ad6515c4078_1366.png
2025-03-02 19:01:06,347 - INFO - Image uploaded: /root/autodl-tmp/remote-sensing-app/backend/images/334c74ea-23f1-4e04-a6fb-b899c9e22ee8_1367.png
2025-03-02 19:01:06,349 - INFO - Image uploaded: /root/autodl-tmp/remote-sensing-app/backend/images/3b8fb3ad-9c64-4a3b-9c4f-edded6a17777_1368.png
2025-03-02 19:01:06,352 - INFO - Image uploaded: /root/autodl-tmp/remote-sensing-app/backend/images/4f0bdda6-c4b8-4126-a9d9-5e4516272b64_1369.png
2025-03-02 19:01:06,933 - INFO - Model unetmamba loaded successfully
2025-03-02 19:01:07,009 - INFO - Starting model inference for imageId: e32bd751-05a8-48da-891e-6ad6515c4078 with model: unetmamba
2025-03-02 19:01:07,268 - INFO - Starting model inference for imageId: 334c74ea-23f1-4e04-a6fb-b899c9e22ee8 with model: unetmamba
2025-03-02 19:01:07,524 - INFO - Starting model inference for imageId: 3b8fb3ad-9c64-4a3b-9c4f-edded6a17777 with model: unetmamba
2025-03-02 19:01:07,775 - INFO - Starting model inference for imageId: 4f0bdda6-c4b8-4126-a9d9-5e4516272b64 with model: unetmamba
2025-03-02 19:26:29,007 - WARNING - (trapped) error reading bcrypt version
Traceback (most recent call last):
  File "/root/miniconda3/envs/UNetMamba-main/lib/python3.8/site-packages/passlib/handlers/bcrypt.py", line 620, in _load_backend_mixin
    version = _bcrypt.__about__.__version__
AttributeError: module 'bcrypt' has no attribute '__about__'
2025-03-02 19:26:36,597 - INFO - Image uploaded: /root/autodl-tmp/remote-sensing-app/backend/images/21bed82b-1e4a-4745-8072-ed0651f02102_1372.png
2025-03-02 19:26:38,049 - INFO - Model unetmamba loaded successfully
2025-03-02 19:26:38,155 - INFO - Starting model inference for imageId: 21bed82b-1e4a-4745-8072-ed0651f02102 with model: unetmamba
2025-03-02 19:26:38,571 - INFO - Image segmented and stats calculated: /root/autodl-tmp/remote-sensing-app/backend/segmented_images/21bed82b-1e4a-4745-8072-ed0651f02102_segmented.png
2025-03-02 19:26:54,413 - INFO - Image uploaded: /root/autodl-tmp/remote-sensing-app/backend/images/c58e7a14-baa3-47cd-9468-54381989c8cd_1366.png
2025-03-02 19:26:54,416 - INFO - Image uploaded: /root/autodl-tmp/remote-sensing-app/backend/images/bbd8f012-e951-4f8b-89e6-e4306325b891_1367.png
2025-03-02 19:26:54,418 - INFO - Image uploaded: /root/autodl-tmp/remote-sensing-app/backend/images/f72acf15-e2e1-43d1-92de-39cf6a7d6c96_1368.png
2025-03-02 19:26:54,420 - INFO - Image uploaded: /root/autodl-tmp/remote-sensing-app/backend/images/af9a756f-8f8d-4eb3-ba01-a35ebbba1a91_1369.png
2025-03-02 19:26:55,247 - INFO - Model unetmamba loaded successfully
2025-03-02 19:26:55,315 - INFO - Starting model inference for imageId: c58e7a14-baa3-47cd-9468-54381989c8cd with model: unetmamba
2025-03-02 19:26:55,552 - INFO - Starting model inference for imageId: bbd8f012-e951-4f8b-89e6-e4306325b891 with model: unetmamba
2025-03-02 19:26:55,800 - INFO - Starting model inference for imageId: f72acf15-e2e1-43d1-92de-39cf6a7d6c96 with model: unetmamba
2025-03-02 19:26:56,036 - INFO - Starting model inference for imageId: af9a756f-8f8d-4eb3-ba01-a35ebbba1a91 with model: unetmamba
2025-03-02 19:40:41,299 - INFO - Image uploaded: /root/autodl-tmp/remote-sensing-app/backend/images/0f41e282-1788-4f41-9a01-aa6d622f28d2_1372.png
2025-03-02 19:40:42,105 - INFO - Model unetmamba loaded successfully
2025-03-02 19:40:42,165 - INFO - Starting model inference for imageId: 0f41e282-1788-4f41-9a01-aa6d622f28d2 with model: unetmamba
2025-03-02 19:40:42,329 - INFO - Image segmented and stats calculated: /root/autodl-tmp/remote-sensing-app/backend/segmented_images/0f41e282-1788-4f41-9a01-aa6d622f28d2_segmented.png
2025-03-02 19:41:32,426 - INFO - Image uploaded: /root/autodl-tmp/remote-sensing-app/backend/images/d0979a62-ae87-4f53-8133-80284f0f7b6b_1366.png
2025-03-02 19:41:32,429 - INFO - Image uploaded: /root/autodl-tmp/remote-sensing-app/backend/images/5634d886-1a87-4273-a10c-9c4f7d739021_1367.png
2025-03-02 19:41:32,432 - INFO - Image uploaded: /root/autodl-tmp/remote-sensing-app/backend/images/438f5c59-78be-438b-b9a1-75289363abf9_1368.png
2025-03-02 19:41:32,434 - INFO - Image uploaded: /root/autodl-tmp/remote-sensing-app/backend/images/9dac86e7-f4e1-4e68-9abb-1824575923a3_1369.png
2025-03-02 19:41:33,119 - INFO - Model unetmamba loaded successfully
2025-03-02 19:41:33,187 - INFO - Starting model inference for imageId: d0979a62-ae87-4f53-8133-80284f0f7b6b with model: unetmamba
2025-03-02 19:41:33,424 - INFO - Starting model inference for imageId: 5634d886-1a87-4273-a10c-9c4f7d739021 with model: unetmamba
2025-03-02 19:41:33,658 - INFO - Starting model inference for imageId: 438f5c59-78be-438b-b9a1-75289363abf9 with model: unetmamba
2025-03-02 19:41:33,889 - INFO - Starting model inference for imageId: 9dac86e7-f4e1-4e68-9abb-1824575923a3 with model: unetmamba
2025-03-02 19:43:37,599 - INFO - Image uploaded: /root/autodl-tmp/remote-sensing-app/backend/images/dd155da6-3b40-4753-9ddd-4be25a706323_1374.png
2025-03-02 19:43:40,078 - INFO - Model dcswin_small loaded successfully
2025-03-02 19:43:40,249 - INFO - Starting model inference for imageId: dd155da6-3b40-4753-9ddd-4be25a706323 with model: dcswin_small
2025-03-02 19:43:40,511 - INFO - Image segmented and stats calculated: /root/autodl-tmp/remote-sensing-app/backend/segmented_images/dd155da6-3b40-4753-9ddd-4be25a706323_segmented.png
2025-03-02 19:53:49,277 - INFO - Image uploaded: /root/autodl-tmp/remote-sensing-app/backend/images/827f2954-39e3-4604-8250-19c413138d69_1372.png
2025-03-02 19:53:49,497 - ERROR - 未找到图像: 827f2954-39e3-4604-8250-19c413138d69
2025-03-02 19:54:23,093 - INFO - Image uploaded: /root/autodl-tmp/remote-sensing-app/backend/images/f4eb6b1b-68fb-4e28-96d1-5f9287c32a42_1372.png
2025-03-02 19:54:23,319 - ERROR - 未找到图像: f4eb6b1b-68fb-4e28-96d1-5f9287c32a42
2025-03-02 19:54:49,766 - INFO - Image uploaded: /root/autodl-tmp/remote-sensing-app/backend/images/997d0b86-5b76-484b-bfce-6783c4579087_1372.png
2025-03-02 19:54:49,935 - ERROR - 未找到图像: 997d0b86-5b76-484b-bfce-6783c4579087
2025-03-02 19:59:13,470 - ERROR - 未找到图像: test_id
2025-03-02 20:04:35,537 - INFO - Image uploaded: /root/autodl-tmp/remote-sensing-app/backend/images/7c8a2cbe-15d4-4c86-9cdd-9e5dde2e0b30_1372.png
2025-03-02 20:04:36,945 - INFO - Model unetmamba loaded successfully
2025-03-02 20:04:37,030 - INFO - 开始对图像 7c8a2cbe-15d4-4c86-9cdd-9e5dde2e0b30 使用模型 unetmamba 进行推理
2025-03-02 20:04:37,423 - INFO - 图像分割完成: /root/autodl-tmp/remote-sensing-app/backend/segmented_images/7c8a2cbe-15d4-4c86-9cdd-9e5dde2e0b30_segmented.png
2025-03-02 20:05:00,959 - INFO - Image uploaded: /root/autodl-tmp/remote-sensing-app/backend/images/d8e69e70-92e5-4951-98bc-e67652d668de_1366.png
2025-03-02 20:05:00,963 - INFO - Image uploaded: /root/autodl-tmp/remote-sensing-app/backend/images/94933c46-9c91-48b0-aa69-41da96979ef2_1367.png
2025-03-02 20:05:00,965 - INFO - Image uploaded: /root/autodl-tmp/remote-sensing-app/backend/images/57da0477-c25c-47f0-819e-2088b509ec9a_1368.png
2025-03-02 20:05:00,968 - INFO - Image uploaded: /root/autodl-tmp/remote-sensing-app/backend/images/743be1cc-269a-40c7-9266-4933edee59c9_1369.png
2025-03-02 20:05:01,721 - INFO - Model unetmamba loaded successfully
2025-03-02 20:05:01,794 - INFO - 开始对图像 d8e69e70-92e5-4951-98bc-e67652d668de 使用模型 unetmamba 进行推理
2025-03-02 20:05:01,982 - INFO - 开始对图像 94933c46-9c91-48b0-aa69-41da96979ef2 使用模型 unetmamba 进行推理
2025-03-02 20:05:02,166 - INFO - 开始对图像 57da0477-c25c-47f0-819e-2088b509ec9a 使用模型 unetmamba 进行推理
2025-03-02 20:05:02,351 - INFO - 开始对图像 743be1cc-269a-40c7-9266-4933edee59c9 使用模型 unetmamba 进行推理
2025-03-02 20:06:49,076 - INFO - Image uploaded: /root/autodl-tmp/remote-sensing-app/backend/images/0f3277a6-b95d-42ac-a117-75019e9a8435_1366.png
2025-03-02 20:06:49,079 - INFO - Image uploaded: /root/autodl-tmp/remote-sensing-app/backend/images/4e600c2c-93b2-49cb-9679-1aa7c08d4688_1367.png
2025-03-02 20:06:49,082 - INFO - Image uploaded: /root/autodl-tmp/remote-sensing-app/backend/images/5c2eaf36-9967-4bf4-a1d2-922e6eab856d_1368.png
2025-03-02 20:06:49,085 - INFO - Image uploaded: /root/autodl-tmp/remote-sensing-app/backend/images/8f2e8005-95a4-4bbc-8fd0-0babf17cf950_1369.png
2025-03-02 20:06:51,304 - INFO - Model dcswin_small loaded successfully
2025-03-02 20:06:51,400 - INFO - 开始对图像 0f3277a6-b95d-42ac-a117-75019e9a8435 使用模型 dcswin_small 进行推理
2025-03-02 20:06:51,667 - INFO - 开始对图像 4e600c2c-93b2-49cb-9679-1aa7c08d4688 使用模型 dcswin_small 进行推理
2025-03-02 20:06:51,791 - INFO - 开始对图像 5c2eaf36-9967-4bf4-a1d2-922e6eab856d 使用模型 dcswin_small 进行推理
2025-03-02 20:06:51,912 - INFO - 开始对图像 8f2e8005-95a4-4bbc-8fd0-0babf17cf950 使用模型 dcswin_small 进行推理
2025-03-02 20:07:31,705 - INFO - Image uploaded: /root/autodl-tmp/remote-sensing-app/backend/images/961b00bd-535b-4c19-9706-c8c4fede4d74_1366.png
2025-03-02 20:07:31,708 - INFO - Image uploaded: /root/autodl-tmp/remote-sensing-app/backend/images/09cbcf82-39ba-4ecf-bd87-a52f5e3748e4_1367.png
2025-03-02 20:07:31,710 - INFO - Image uploaded: /root/autodl-tmp/remote-sensing-app/backend/images/02d746da-11f2-48a1-970c-a1a68bed6b5a_1368.png
2025-03-02 20:07:31,713 - INFO - Image uploaded: /root/autodl-tmp/remote-sensing-app/backend/images/0f07b5c0-990e-4c24-a18a-61c1ddeff72a_1369.png
2025-03-02 20:07:32,335 - INFO - Model unetmamba loaded successfully
2025-03-02 20:07:32,405 - INFO - 开始对图像 961b00bd-535b-4c19-9706-c8c4fede4d74 使用模型 unetmamba 进行推理
2025-03-02 20:07:32,645 - INFO - 开始对图像 09cbcf82-39ba-4ecf-bd87-a52f5e3748e4 使用模型 unetmamba 进行推理
2025-03-02 20:07:32,885 - INFO - 开始对图像 02d746da-11f2-48a1-970c-a1a68bed6b5a 使用模型 unetmamba 进行推理
2025-03-02 20:07:33,120 - INFO - 开始对图像 0f07b5c0-990e-4c24-a18a-61c1ddeff72a 使用模型 unetmamba 进行推理
2025-03-02 20:08:04,940 - INFO - Image uploaded: /root/autodl-tmp/remote-sensing-app/backend/images/556a536b-1b8c-4858-9db0-b97a5a62c986_1366.png
2025-03-02 20:08:04,943 - INFO - Image uploaded: /root/autodl-tmp/remote-sensing-app/backend/images/c26215c1-8d2a-42c7-948f-b705f7456515_1367.png
2025-03-02 20:08:04,946 - INFO - Image uploaded: /root/autodl-tmp/remote-sensing-app/backend/images/9ce99a57-d467-4206-ad9a-2469d91de25e_1368.png
2025-03-02 20:08:04,948 - INFO - Image uploaded: /root/autodl-tmp/remote-sensing-app/backend/images/9a838732-7fc6-496b-bc7c-4e2af99ecb28_1369.png
2025-03-02 20:08:05,629 - INFO - Model unetformer_r18 loaded successfully
2025-03-02 20:08:05,708 - INFO - 开始对图像 556a536b-1b8c-4858-9db0-b97a5a62c986 使用模型 unetformer_r18 进行推理
2025-03-02 20:08:05,956 - INFO - 开始对图像 c26215c1-8d2a-42c7-948f-b705f7456515 使用模型 unetformer_r18 进行推理
2025-03-02 20:08:06,062 - INFO - 开始对图像 9ce99a57-d467-4206-ad9a-2469d91de25e 使用模型 unetformer_r18 进行推理
2025-03-02 20:08:06,164 - INFO - 开始对图像 9a838732-7fc6-496b-bc7c-4e2af99ecb28 使用模型 unetformer_r18 进行推理
2025-03-02 20:14:10,284 - INFO - Image uploaded: /root/autodl-tmp/remote-sensing-app/backend/images/df78bdac-d9e7-493b-a1ff-51e755362a3e_1366.png
2025-03-02 20:14:11,482 - INFO - Model unetmamba loaded successfully
2025-03-02 20:14:11,576 - INFO - 开始对图像 df78bdac-d9e7-493b-a1ff-51e755362a3e 使用模型 unetmamba 进行推理
